2026-05-02 01:13:25,731 INFO Starting reviewer manifest=F:\Desktop\m\projects\scopeLedger\CloudHammer\runs\whole_cloud_candidates_broad_deduped_lowconf_lowfill_tuned_20260428\marker_anchor_analysis_v1\marker_false_positive_review_queue.jsonl review_log=F:\Desktop\m\projects\scopeLedger\CloudHammer\data\whole_cloud_candidate_reviews\whole_cloud_candidates_broad_deduped_lowconf_lowfill_tuned_20260428.marker_fp.review.jsonl candidates=39 reviewed=0 order=confidence_asc
2026-05-02 01:13:25,985 INFO Loaded candidate 260313_-_VA_Biloxi_Rev_3_ff19da68_p0174_whole_002
2026-05-02 01:16:01,707 INFO Reviewed candidate 260313_-_VA_Biloxi_Rev_3_ff19da68_p0174_whole_002 as false_positive
2026-05-02 01:16:01,726 INFO Loaded candidate Revision_1_-_Drawing_Changes_6cbee960_p0021_whole_007
2026-05-02 01:17:40,348 INFO Starting reviewer manifest=F:\Desktop\m\projects\scopeLedger\CloudHammer\runs\whole_cloud_candidates_broad_deduped_lowconf_lowfill_tuned_20260428\marker_anchor_analysis_v1\marker_false_positive_review_queue.jsonl review_log=F:\Desktop\m\projects\scopeLedger\CloudHammer\data\whole_cloud_candidate_reviews\whole_cloud_candidates_broad_deduped_lowconf_lowfill_tuned_20260428.marker_fp.review.jsonl candidates=39 reviewed=1 order=confidence_asc
2026-05-02 01:17:40,582 INFO Loaded candidate Revision_1_-_Drawing_Changes_6cbee960_p0021_whole_007
2026-05-02 01:17:54,209 INFO Reviewed candidate Revision_1_-_Drawing_Changes_6cbee960_p0021_whole_007 as false_positive reason=repeating_section_scallop
2026-05-02 01:17:54,254 INFO Loaded candidate Revision_1_-_Drawing_Changes_6cbee960_p0002_whole_002
2026-05-02 01:17:56,667 INFO Reviewed candidate Revision_1_-_Drawing_Changes_6cbee960_p0002_whole_002 as false_positive
2026-05-02 01:17:56,690 INFO Loaded candidate Revision_1_-_Drawing_Changes_6cbee960_p0022_whole_005
2026-05-02 01:17:58,303 INFO Reviewed candidate Revision_1_-_Drawing_Changes_6cbee960_p0022_whole_005 as false_positive reason=repeating_section_scallop
2026-05-02 01:17:58,329 INFO Loaded candidate Revision_1_-_Drawing_Changes_6cbee960_p0022_whole_004
2026-05-02 01:17:59,826 INFO Reviewed candidate Revision_1_-_Drawing_Changes_6cbee960_p0022_whole_004 as false_positive reason=repeating_section_scallop
2026-05-02 01:17:59,834 INFO Loaded candidate Revision_1_-_Drawing_Changes_6cbee960_p0021_whole_006
2026-05-02 01:18:01,191 INFO Reviewed candidate Revision_1_-_Drawing_Changes_6cbee960_p0021_whole_006 as false_positive reason=repeating_section_scallop
2026-05-02 01:18:01,223 INFO Loaded candidate Revision_1_-_Drawing_Changes_6cbee960_p0001_whole_003
2026-05-02 01:18:03,247 INFO Reviewed candidate Revision_1_-_Drawing_Changes_6cbee960_p0001_whole_003 as false_positive
2026-05-02 01:18:03,270 INFO Loaded candidate Revision_1_-_Drawing_Changes_6cbee960_p0017_whole_008
2026-05-02 01:18:07,610 INFO Reviewed candidate Revision_1_-_Drawing_Changes_6cbee960_p0017_whole_008 as false_positive
2026-05-02 01:18:07,641 INFO Loaded candidate 260309_-_Drawing_Rev2-_Steel_Grab_Bars_75d983f3_p0004_whole_003
2026-05-02 01:18:10,173 INFO Reviewed candidate 260309_-_Drawing_Rev2-_Steel_Grab_Bars_75d983f3_p0004_whole_003 as false_positive
2026-05-02 01:18:10,200 INFO Loaded candidate Revision_1_-_Drawing_Changes_6cbee960_p0019_whole_002
2026-05-02 01:19:31,769 INFO Starting reviewer manifest=F:\Desktop\m\projects\scopeLedger\CloudHammer\runs\whole_cloud_candidates_broad_deduped_lowconf_lowfill_tuned_20260428\marker_anchor_analysis_v1\marker_false_positive_review_queue.jsonl review_log=F:\Desktop\m\projects\scopeLedger\CloudHammer\data\whole_cloud_candidate_reviews\whole_cloud_candidates_broad_deduped_lowconf_lowfill_tuned_20260428.marker_fp.review.jsonl candidates=39 reviewed=9 order=confidence_asc
2026-05-02 01:19:32,038 INFO Loaded candidate Revision_1_-_Drawing_Changes_6cbee960_p0019_whole_002
2026-05-02 01:20:22,940 INFO Reviewed candidate Revision_1_-_Drawing_Changes_6cbee960_p0019_whole_002 as uncertain
2026-05-02 01:20:22,972 INFO Loaded candidate 260309_-_Drawing_Rev2-_Steel_Grab_Bars_75d983f3_p0015_whole_004
2026-05-02 01:20:24,394 INFO Loaded candidate Revision_1_-_Drawing_Changes_6cbee960_p0019_whole_002
2026-05-02 01:20:26,807 INFO Reviewed candidate Revision_1_-_Drawing_Changes_6cbee960_p0019_whole_002 as false_positive reason=text_glyph_arcs
2026-05-02 01:20:26,823 INFO Loaded candidate 260309_-_Drawing_Rev2-_Steel_Grab_Bars_75d983f3_p0015_whole_004
2026-05-02 01:20:27,770 INFO Loaded candidate Revision_1_-_Drawing_Changes_6cbee960_p0019_whole_002
2026-05-02 01:20:28,193 INFO Loaded candidate 260309_-_Drawing_Rev2-_Steel_Grab_Bars_75d983f3_p0004_whole_003
2026-05-02 01:20:28,503 INFO Loaded candidate Revision_1_-_Drawing_Changes_6cbee960_p0017_whole_008
2026-05-02 01:20:28,847 INFO Loaded candidate Revision_1_-_Drawing_Changes_6cbee960_p0001_whole_003
2026-05-02 01:20:29,081 INFO Loaded candidate Revision_1_-_Drawing_Changes_6cbee960_p0021_whole_006
2026-05-02 01:20:29,510 INFO Loaded candidate Revision_1_-_Drawing_Changes_6cbee960_p0022_whole_004
2026-05-02 01:20:29,862 INFO Loaded candidate Revision_1_-_Drawing_Changes_6cbee960_p0022_whole_005
2026-05-02 01:20:30,185 INFO Loaded candidate Revision_1_-_Drawing_Changes_6cbee960_p0002_whole_002
2026-05-02 01:20:30,605 INFO Loaded candidate Revision_1_-_Drawing_Changes_6cbee960_p0021_whole_007
2026-05-02 01:20:31,252 INFO Loaded candidate 260313_-_VA_Biloxi_Rev_3_ff19da68_p0174_whole_002
2026-05-02 01:20:33,004 INFO Loaded candidate Revision_1_-_Drawing_Changes_6cbee960_p0021_whole_007
2026-05-02 01:20:36,409 INFO Reviewed candidate Revision_1_-_Drawing_Changes_6cbee960_p0021_whole_007 as false_positive reason=repeating_section_scallop
2026-05-02 01:20:36,427 INFO Loaded candidate 260309_-_Drawing_Rev2-_Steel_Grab_Bars_75d983f3_p0015_whole_004
2026-05-02 01:20:39,080 INFO Reviewed candidate 260309_-_Drawing_Rev2-_Steel_Grab_Bars_75d983f3_p0015_whole_004 as false_positive
2026-05-02 01:20:39,099 INFO Loaded candidate Revision_1_-_Drawing_Changes_6cbee960_p0045_whole_002
2026-05-02 01:20:43,050 INFO Loaded candidate 260309_-_Drawing_Rev2-_Steel_Grab_Bars_75d983f3_p0015_whole_004
2026-05-02 01:20:43,408 INFO Loaded candidate Revision_1_-_Drawing_Changes_6cbee960_p0019_whole_002
2026-05-02 01:20:43,565 INFO Loaded candidate 260309_-_Drawing_Rev2-_Steel_Grab_Bars_75d983f3_p0004_whole_003
2026-05-02 01:20:43,722 INFO Loaded candidate Revision_1_-_Drawing_Changes_6cbee960_p0017_whole_008
2026-05-02 01:20:43,877 INFO Loaded candidate Revision_1_-_Drawing_Changes_6cbee960_p0001_whole_003
2026-05-02 01:20:44,002 INFO Loaded candidate Revision_1_-_Drawing_Changes_6cbee960_p0021_whole_006
2026-05-02 01:20:44,162 INFO Loaded candidate Revision_1_-_Drawing_Changes_6cbee960_p0022_whole_004
2026-05-02 01:20:44,325 INFO Loaded candidate Revision_1_-_Drawing_Changes_6cbee960_p0022_whole_005
2026-05-02 01:20:45,049 INFO Loaded candidate Revision_1_-_Drawing_Changes_6cbee960_p0002_whole_002
2026-05-02 01:20:47,147 INFO Loaded candidate Revision_1_-_Drawing_Changes_6cbee960_p0022_whole_005
2026-05-02 01:20:47,719 INFO Loaded candidate Revision_1_-_Drawing_Changes_6cbee960_p0002_whole_002
2026-05-02 01:20:48,861 INFO Loaded candidate Revision_1_-_Drawing_Changes_6cbee960_p0022_whole_005
2026-05-02 01:20:53,502 INFO Reviewed candidate Revision_1_-_Drawing_Changes_6cbee960_p0022_whole_005 as false_positive reason=repeating_section_scallop
2026-05-02 01:20:53,502 INFO Loaded candidate Revision_1_-_Drawing_Changes_6cbee960_p0045_whole_002
2026-05-02 01:20:57,305 INFO Reviewed candidate Revision_1_-_Drawing_Changes_6cbee960_p0045_whole_002 as false_positive
2026-05-02 01:20:57,328 INFO Loaded candidate Revision_1_-_Drawing_Changes_6cbee960_p0021_whole_005
2026-05-02 01:20:59,616 INFO Reviewed candidate Revision_1_-_Drawing_Changes_6cbee960_p0021_whole_005 as false_positive reason=repeating_section_scallop
2026-05-02 01:20:59,638 INFO Loaded candidate Revision_1_-_Drawing_Changes_6cbee960_p0015_whole_003
2026-05-02 01:21:02,077 INFO Reviewed candidate Revision_1_-_Drawing_Changes_6cbee960_p0015_whole_003 as false_positive
2026-05-02 01:21:02,096 INFO Loaded candidate 260313_-_VA_Biloxi_Rev_3_ff19da68_p0180_whole_003
2026-05-02 01:21:04,378 INFO Reviewed candidate 260313_-_VA_Biloxi_Rev_3_ff19da68_p0180_whole_003 as false_positive
2026-05-02 01:21:04,394 INFO Loaded candidate Revision_1_-_Drawing_Changes_6cbee960_p0012_whole_013
2026-05-02 01:21:13,471 INFO Reviewed candidate Revision_1_-_Drawing_Changes_6cbee960_p0012_whole_013 as partial
2026-05-02 01:21:13,488 INFO Loaded candidate Revision_1_-_Drawing_Changes_6cbee960_p0010_whole_005
2026-05-02 01:21:15,679 INFO Reviewed candidate Revision_1_-_Drawing_Changes_6cbee960_p0010_whole_005 as false_positive
2026-05-02 01:21:15,724 INFO Loaded candidate Revision_1_-_Drawing_Changes_6cbee960_p0007_whole_004
2026-05-02 01:21:21,602 INFO Reviewed candidate Revision_1_-_Drawing_Changes_6cbee960_p0007_whole_004 as false_positive reason=text_glyph_arcs
2026-05-02 01:21:21,626 INFO Loaded candidate Revision_1_-_Drawing_Changes_6cbee960_p0016_whole_002
2026-05-02 01:21:24,329 INFO Reviewed candidate Revision_1_-_Drawing_Changes_6cbee960_p0016_whole_002 as false_positive reason=text_glyph_arcs
2026-05-02 01:21:24,377 INFO Loaded candidate Revision_1_-_Drawing_Changes_6cbee960_p0005_whole_002
2026-05-02 01:21:30,720 INFO Reviewed candidate Revision_1_-_Drawing_Changes_6cbee960_p0005_whole_002 as false_positive reason=text_glyph_arcs
2026-05-02 01:21:30,736 INFO Loaded candidate Revision_1_-_Drawing_Changes_6cbee960_p0031_whole_002
2026-05-02 01:21:59,964 INFO Reviewed candidate Revision_1_-_Drawing_Changes_6cbee960_p0031_whole_002 as false_positive reason=text_glyph_arcs
2026-05-02 01:21:59,978 INFO Loaded candidate Revision_1_-_Drawing_Changes_6cbee960_p0012_whole_008
2026-05-02 01:22:09,377 INFO Reviewed candidate Revision_1_-_Drawing_Changes_6cbee960_p0012_whole_008 as accept
2026-05-02 01:22:09,393 INFO Loaded candidate Revision_1_-_Drawing_Changes_6cbee960_p0017_whole_007
2026-05-02 01:23:03,476 INFO Loaded candidate Revision_1_-_Drawing_Changes_6cbee960_p0012_whole_008
2026-05-02 01:23:03,843 INFO Loaded candidate Revision_1_-_Drawing_Changes_6cbee960_p0031_whole_002
2026-05-02 01:23:04,375 INFO Loaded candidate Revision_1_-_Drawing_Changes_6cbee960_p0005_whole_002
2026-05-02 01:23:04,539 INFO Loaded candidate Revision_1_-_Drawing_Changes_6cbee960_p0016_whole_002
2026-05-02 01:23:04,743 INFO Loaded candidate Revision_1_-_Drawing_Changes_6cbee960_p0007_whole_004
2026-05-02 01:23:05,118 INFO Loaded candidate Revision_1_-_Drawing_Changes_6cbee960_p0010_whole_005
2026-05-02 01:23:05,281 INFO Loaded candidate Revision_1_-_Drawing_Changes_6cbee960_p0012_whole_013
2026-05-02 01:23:05,465 INFO Loaded candidate 260313_-_VA_Biloxi_Rev_3_ff19da68_p0180_whole_003
2026-05-02 01:23:05,883 INFO Loaded candidate Revision_1_-_Drawing_Changes_6cbee960_p0015_whole_003
2026-05-02 01:23:06,032 INFO Loaded candidate Revision_1_-_Drawing_Changes_6cbee960_p0021_whole_005
2026-05-02 01:23:06,195 INFO Loaded candidate Revision_1_-_Drawing_Changes_6cbee960_p0045_whole_002
2026-05-02 01:23:06,999 INFO Loaded candidate Revision_1_-_Drawing_Changes_6cbee960_p0021_whole_005
2026-05-02 01:23:07,142 INFO Loaded candidate Revision_1_-_Drawing_Changes_6cbee960_p0015_whole_003
2026-05-02 01:23:07,766 INFO Loaded candidate Revision_1_-_Drawing_Changes_6cbee960_p0021_whole_005
2026-05-02 01:23:08,345 INFO Loaded candidate Revision_1_-_Drawing_Changes_6cbee960_p0045_whole_002
2026-05-02 01:23:08,518 INFO Loaded candidate 260309_-_Drawing_Rev2-_Steel_Grab_Bars_75d983f3_p0015_whole_004
2026-05-02 01:23:09,017 INFO Loaded candidate Revision_1_-_Drawing_Changes_6cbee960_p0019_whole_002
2026-05-02 01:23:10,280 INFO Loaded candidate 260309_-_Drawing_Rev2-_Steel_Grab_Bars_75d983f3_p0015_whole_004
2026-05-02 01:23:12,354 INFO Reviewed candidate 260309_-_Drawing_Rev2-_Steel_Grab_Bars_75d983f3_p0015_whole_004 as false_positive reason=repeating_section_scallop
2026-05-02 01:23:12,360 INFO Loaded candidate Revision_1_-_Drawing_Changes_6cbee960_p0017_whole_007
2026-05-02 01:23:14,834 INFO Reviewed candidate Revision_1_-_Drawing_Changes_6cbee960_p0017_whole_007 as false_positive reason=repeating_section_scallop
2026-05-02 01:23:14,843 INFO Loaded candidate 260309_-_Drawing_Rev2-_Steel_Grab_Bars_75d983f3_p0015_whole_003
2026-05-02 01:23:16,070 INFO Reviewed candidate 260309_-_Drawing_Rev2-_Steel_Grab_Bars_75d983f3_p0015_whole_003 as false_positive reason=repeating_section_scallop
2026-05-02 01:23:16,092 INFO Loaded candidate Revision_1_-_Drawing_Changes_6cbee960_p0017_whole_006
2026-05-02 01:23:17,802 INFO Reviewed candidate Revision_1_-_Drawing_Changes_6cbee960_p0017_whole_006 as false_positive reason=repeating_section_scallop
2026-05-02 01:23:17,819 INFO Loaded candidate 260309_-_Drawing_Rev2-_Steel_Grab_Bars_75d983f3_p0015_whole_002
2026-05-02 01:23:19,063 INFO Reviewed candidate 260309_-_Drawing_Rev2-_Steel_Grab_Bars_75d983f3_p0015_whole_002 as false_positive reason=repeating_section_scallop
2026-05-02 01:23:19,096 INFO Loaded candidate Revision_1_-_Drawing_Changes_6cbee960_p0014_whole_002
2026-05-02 01:23:23,037 INFO Reviewed candidate Revision_1_-_Drawing_Changes_6cbee960_p0014_whole_002 as partial
2026-05-02 01:23:23,063 INFO Loaded candidate 260309_-_Drawing_Rev2-_Steel_Grab_Bars_75d983f3_p0013_whole_001
2026-05-02 01:23:38,543 INFO Reviewed candidate 260309_-_Drawing_Rev2-_Steel_Grab_Bars_75d983f3_p0013_whole_001 as false_positive
2026-05-02 01:23:38,568 INFO Loaded candidate Revision_1_-_Drawing_Changes_6cbee960_p0011_whole_004
2026-05-02 01:23:42,650 INFO Reviewed candidate Revision_1_-_Drawing_Changes_6cbee960_p0011_whole_004 as accept
2026-05-02 01:23:42,666 INFO Loaded candidate Revision_1_-_Drawing_Changes_6cbee960_p0021_whole_004
2026-05-02 01:23:45,113 INFO Reviewed candidate Revision_1_-_Drawing_Changes_6cbee960_p0021_whole_004 as false_positive reason=repeating_section_scallop
2026-05-02 01:23:45,125 INFO Loaded candidate Revision_1_-_Drawing_Changes_6cbee960_p0021_whole_003
2026-05-02 01:23:46,219 INFO Reviewed candidate Revision_1_-_Drawing_Changes_6cbee960_p0021_whole_003 as false_positive reason=repeating_section_scallop
2026-05-02 01:23:46,239 INFO Loaded candidate Revision_1_-_Drawing_Changes_6cbee960_p0018_whole_005
2026-05-02 01:23:47,965 INFO Reviewed candidate Revision_1_-_Drawing_Changes_6cbee960_p0018_whole_005 as accept
2026-05-02 01:23:47,969 INFO Loaded candidate Revision_1_-_Drawing_Changes_6cbee960_p0022_whole_003
2026-05-02 01:23:49,808 INFO Reviewed candidate Revision_1_-_Drawing_Changes_6cbee960_p0022_whole_003 as false_positive reason=repeating_section_scallop
2026-05-02 01:23:49,828 INFO Loaded candidate Revision_1_-_Drawing_Changes_6cbee960_p0012_whole_006
2026-05-02 01:23:52,266 INFO Reviewed candidate Revision_1_-_Drawing_Changes_6cbee960_p0012_whole_006 as accept
2026-05-02 01:23:52,282 INFO Loaded candidate Revision_1_-_Drawing_Changes_6cbee960_p0011_whole_011
2026-05-02 01:23:55,219 INFO Reviewed candidate Revision_1_-_Drawing_Changes_6cbee960_p0011_whole_011 as accept
2026-05-02 01:23:55,235 INFO Loaded candidate Revision_1_-_Drawing_Changes_6cbee960_p0010_whole_004
2026-05-02 01:25:11,067 INFO Starting reviewer manifest=F:\Desktop\m\projects\scopeLedger\CloudHammer\runs\whole_cloud_candidates_broad_deduped_lowconf_lowfill_tuned_20260428\marker_anchor_analysis_v1\marker_false_positive_review_queue.jsonl review_log=F:\Desktop\m\projects\scopeLedger\CloudHammer\data\whole_cloud_candidate_reviews\whole_cloud_candidates_broad_deduped_lowconf_lowfill_tuned_20260428.marker_fp.review.jsonl candidates=39 reviewed=35 order=confidence_asc
2026-05-02 01:25:11,319 INFO Loaded candidate Revision_1_-_Drawing_Changes_6cbee960_p0010_whole_004
2026-05-02 01:25:15,170 INFO Reviewed candidate Revision_1_-_Drawing_Changes_6cbee960_p0010_whole_004 as false_positive reason=circular_symbol_fixture
2026-05-02 01:25:15,192 INFO Loaded candidate Revision_1_-_Drawing_Changes_6cbee960_p0011_whole_009
2026-05-02 01:25:18,526 INFO Reviewed candidate Revision_1_-_Drawing_Changes_6cbee960_p0011_whole_009 as accept
2026-05-02 01:25:18,549 INFO Loaded candidate Revision_1_-_Drawing_Changes_6cbee960_p0030_whole_005
2026-05-02 01:25:22,796 INFO Reviewed candidate Revision_1_-_Drawing_Changes_6cbee960_p0030_whole_005 as accept
2026-05-02 01:25:22,813 INFO Loaded candidate Revision_1_-_Drawing_Changes_6cbee960_p0026_whole_003
2026-05-02 01:25:24,962 INFO Reviewed candidate Revision_1_-_Drawing_Changes_6cbee960_p0026_whole_003 as accept
2026-05-02 01:25:24,963 INFO Loaded candidate Revision_1_-_Drawing_Changes_6cbee960_p0026_whole_003
